


materialPath: C:\Program Files (x86)\Steam\steamapps\sourcemods\PhysicalGame\materials
Loading C:\Program Files (x86)\Steam\steamapps\sourcemods\PhysicalGame\maps\road.vmf
Could not locate 'GameData' key in c:\program files (x86)\steam\steamapps\sourcemods\physicalgame\gameinfo.txt
fixing up env_cubemap materials on brush sides...
0...1...2...3...4...5...6...7...8...9...100...1...2...3...4...5...6...7...8...9...10Processing areas...done (0)
Building Faces...done (0)
FixTjuncs...
PruneNodes...
WriteBSP...
done (0)
writing C:\Program Files (x86)\Steam\steamapps\sourcemods\PhysicalGame\maps\road.prt...Building visibility clusters...
done (0)
Creating default LDR cubemaps for env_cubemap using skybox materials:
   skybox/sky_day01_01*.vmt
 ! Run buildcubemaps in the engine to get the correct cube maps.
Creating default HDR cubemaps for env_cubemap using skybox materials:
   skybox/sky_day01_01*.vmt
 ! Run buildcubemaps in the engine to get the correct cube maps.
Finding displacement neighbors...
Finding lightmap sample positions...
Displacement Alpha : 0...1...2...3...4...5...6...7...8...9...10
Building Physics collision data...
WARNING: Map using power 4 displacements, terrain physics cannot be compressed, map will need additional memory and CPU.
done (0) (234103 bytes)
Placing detail props : 0...1...2...3...4...5...6...7...8...9...10
Compacting texture/material tables...
Reduced 7 texinfos to 3
Reduced 3 texdatas to 3 (63 bytes to 63)
Writing C:\Program Files (x86)\Steam\steamapps\sourcemods\PhysicalGame\maps\road.bsp
0 seconds elapsed



4 threads
reading c:\program files (x86)\steam\steamapps\sourcemods\physicalgame\maps\road.bsp
reading c:\program files (x86)\steam\steamapps\sourcemods\physicalgame\maps\road.prt
  12 portalclusters
  17 numportals
0...1...2...3...4...5...6...7...8...9...100...1...2...3...4...5...6...7...8...9...10Optimized: 0 visible clusters (0.00%)
Total clusters visible: 144
Average clusters visible: 12
Building PAS...
Average clusters audible: 12
visdatasize:148  compressed from 192
writing c:\program files (x86)\steam\steamapps\sourcemods\physicalgame\maps\road.bsp
0 seconds elapsed



[Reading texlights from 'lights.rad']
[48 texlights parsed from 'lights.rad']

Loading c:\program files (x86)\steam\steamapps\sourcemods\physicalgame\maps\road.bsp
29 faces
175672 square feet [25296896.00 square inches]
4 Displacements
63768 Square Feet [9182728.00 Square Inches]
29 patches before subdivision
4117 patches after subdivision
2 direct lights
0...1...2...3...4...5...6...7...8...9...100...1...2...3...4...5...6...7...8...9...10transfers 13430, max 67
transfer lists:   0.1 megs
0...1...2...3...4...5...6...7...8...9...10	Bounce #1 added RGB(24, 29, 9)
0...1...2...3...4...5...6...7...8...9...10	Bounce #2 added RGB(0, 0, 0)
Build Patch/Sample Hash Table(s).....Done<0.0019 sec>
0...1...2...3...4...5...6...7...8...9...10FinalLightFace Done
Computing detail prop lighting : 0...1...2...3...4...5...6...7...8...9...10
0 of 0 (0% of) surface lights went in leaf ambient cubes.
0...1...2...3...4...5...6...7...8...9...10Writing leaf ambient...done
Ready to Finish

Object names       Objects/Maxobjs  Memory / Maxmem  Fullness 
------------       ---------------  ---------------  -------- 
models                   1/1024           48/49152    ( 0.1%) 
brushes                  6/8192           72/98304    ( 0.1%) 
brushsides              36/65536         288/524288   ( 0.1%) 
planes                  52/65536        1040/1310720  ( 0.1%) 
vertexes                66/65536         792/786432   ( 0.1%) 
nodes                   56/65536        1792/2097152  ( 0.1%) 
texinfos                 3/12288         216/884736   ( 0.0%) 
texdata                  3/2048           96/65536    ( 0.1%) 
dispinfos                4/0             704/0        ( 0.0%) 
disp_verts            1156/0           23120/0        ( 0.0%) 
disp_tris             2048/0            4096/0        ( 0.0%) 
disp_lmsamples      168332/0          168332/0        ( 0.0%) 
faces                   29/65536        1624/3670016  ( 0.0%) 
hdr faces                0/65536           0/3670016  ( 0.0%) 
origfaces                9/65536         504/3670016  ( 0.0%) 
leaves                  58/65536        1856/2097152  ( 0.1%) 
leaffaces               26/65536          52/131072   ( 0.0%) 
leafbrushes             39/65536          78/131072   ( 0.1%) 
areas                    2/256            16/2048     ( 0.8%) 
surfedges              154/512000        616/2048000  ( 0.0%) 
edges                  103/256000        412/1024000  ( 0.0%) 
LDR worldlights          2/8192          176/720896   ( 0.0%) 
HDR worldlights          0/8192            0/720896   ( 0.0%) 
leafwaterdata            0/32768           0/393216   ( 0.0%) 
waterstrips              1/32768          10/327680   ( 0.0%) 
waterverts               0/65536           0/786432   ( 0.0%) 
waterindices            12/65536          24/131072   ( 0.0%) 
cubemapsamples           0/1024            0/16384    ( 0.0%) 
overlays                 0/512             0/180224   ( 0.0%) 
LDR lightdata         [variable]      149584/0        ( 0.0%) 
HDR lightdata         [variable]           0/0        ( 0.0%) 
visdata               [variable]         148/16777216 ( 0.0%) 
entdata               [variable]         623/393216   ( 0.2%) 
LDR ambient table       58/65536         232/262144   ( 0.1%) 
HDR ambient table       58/65536         232/262144   ( 0.1%) 
LDR leaf ambient       166/65536        4648/1835008  ( 0.3%) 
HDR leaf ambient        58/65536        1624/1835008  ( 0.1%) 
occluders                0/0               0/0        ( 0.0%) 
occluder polygons        0/0               0/0        ( 0.0%) 
occluder vert ind        0/0               0/0        ( 0.0%) 
detail props          [variable]           1/1980     ( 0.1%) 
dtl prp lght          [variable]           1/4        (25.0%) 
HDR dtl prp lght      [variable]           1/4        (25.0%) 
static props          [variable]           1/12       ( 8.3%) 
pakfile               [variable]      105647/0        ( 0.0%) 
physics               [variable]      234103/4194304  ( 5.6%) 
physics terrain       [variable]           0/1048576  ( 0.0%) 

Level flags = 0

Total triangle count: 60
Writing c:\program files (x86)\steam\steamapps\sourcemods\physicalgame\maps\road.bsp
0 seconds elapsed



materialPath: C:\Program Files (x86)\Steam\steamapps\sourcemods\PhysicalGame\materials
Loading C:\Program Files (x86)\Steam\steamapps\sourcemods\PhysicalGame\maps\road.vmf
Could not locate 'GameData' key in c:\program files (x86)\steam\steamapps\sourcemods\physicalgame\gameinfo.txt
fixing up env_cubemap materials on brush sides...
0...1...2...3...4...5...6...7...8...9...100...1...2...3...4...5...6...7...8...9...10Processing areas...done (0)
Building Faces...done (0)
FixTjuncs...
PruneNodes...
WriteBSP...
done (0)
writing C:\Program Files (x86)\Steam\steamapps\sourcemods\PhysicalGame\maps\road.prt...Building visibility clusters...
done (0)
Creating default LDR cubemaps for env_cubemap using skybox materials:
   skybox/sky_day01_01*.vmt
 ! Run buildcubemaps in the engine to get the correct cube maps.
Creating default HDR cubemaps for env_cubemap using skybox materials:
   skybox/sky_day01_01*.vmt
 ! Run buildcubemaps in the engine to get the correct cube maps.
Finding displacement neighbors...
Finding lightmap sample positions...
Displacement Alpha : 0...1...2...3...4...5...6...7...8...9...10
Building Physics collision data...
WARNING: Map using power 4 displacements, terrain physics cannot be compressed, map will need additional memory and CPU.
done (0) (234103 bytes)
Placing detail props : 0...1...2...3...4...5...6...7...8...9...10
Compacting texture/material tables...
Reduced 7 texinfos to 3
Reduced 3 texdatas to 3 (63 bytes to 63)
Writing C:\Program Files (x86)\Steam\steamapps\sourcemods\PhysicalGame\maps\road.bsp
0 seconds elapsed



4 threads
reading c:\program files (x86)\steam\steamapps\sourcemods\physicalgame\maps\road.bsp
reading c:\program files (x86)\steam\steamapps\sourcemods\physicalgame\maps\road.prt
  12 portalclusters
  17 numportals
0...1...2...3...4...5...6...7...8...9...100...1...2...3...4...5...6...7...8...9...10Optimized: 0 visible clusters (0.00%)
Total clusters visible: 144
Average clusters visible: 12
Building PAS...
Average clusters audible: 12
visdatasize:148  compressed from 192
writing c:\program files (x86)\steam\steamapps\sourcemods\physicalgame\maps\road.bsp
0 seconds elapsed



[Reading texlights from 'lights.rad']
[48 texlights parsed from 'lights.rad']

Loading c:\program files (x86)\steam\steamapps\sourcemods\physicalgame\maps\road.bsp
29 faces
175672 square feet [25296896.00 square inches]
4 Displacements
63768 Square Feet [9182728.00 Square Inches]
29 patches before subdivision
4117 patches after subdivision
2 direct lights
0...1...2...3...4...5...6...7...8...9...100...1...2...3...4...5...6...7...8...9...10transfers 12757, max 64
transfer lists:   0.1 megs
0...1...2...3...4...5...6...7...8...9...10	Bounce #1 added RGB(23, 27, 8)
0...1...2...3...4...5...6...7...8...9...10	Bounce #2 added RGB(0, 0, 0)
Build Patch/Sample Hash Table(s).....Done<0.0019 sec>
0...1...2...3...4...5...6...7...8...9...10FinalLightFace Done
0 of 0 (0% of) surface lights went in leaf ambient cubes.
0...1...2...3...4...5...6...7...8...9...10Writing leaf ambient...done
Ready to Finish

Object names       Objects/Maxobjs  Memory / Maxmem  Fullness 
------------       ---------------  ---------------  -------- 
models                   1/1024           48/49152    ( 0.1%) 
brushes                  6/8192           72/98304    ( 0.1%) 
brushsides              36/65536         288/524288   ( 0.1%) 
planes                  52/65536        1040/1310720  ( 0.1%) 
vertexes                66/65536         792/786432   ( 0.1%) 
nodes                   56/65536        1792/2097152  ( 0.1%) 
texinfos                 3/12288         216/884736   ( 0.0%) 
texdata                  3/2048           96/65536    ( 0.1%) 
dispinfos                4/0             704/0        ( 0.0%) 
disp_verts            1156/0           23120/0        ( 0.0%) 
disp_tris             2048/0            4096/0        ( 0.0%) 
disp_lmsamples      168332/0          168332/0        ( 0.0%) 
faces                   29/65536        1624/3670016  ( 0.0%) 
hdr faces                0/65536           0/3670016  ( 0.0%) 
origfaces                9/65536         504/3670016  ( 0.0%) 
leaves                  58/65536        1856/2097152  ( 0.1%) 
leaffaces               26/65536          52/131072   ( 0.0%) 
leafbrushes             39/65536          78/131072   ( 0.1%) 
areas                    2/256            16/2048     ( 0.8%) 
surfedges              154/512000        616/2048000  ( 0.0%) 
edges                  103/256000        412/1024000  ( 0.0%) 
LDR worldlights          2/8192          176/720896   ( 0.0%) 
HDR worldlights          0/8192            0/720896   ( 0.0%) 
leafwaterdata            0/32768           0/393216   ( 0.0%) 
waterstrips              1/32768          10/327680   ( 0.0%) 
waterverts               0/65536           0/786432   ( 0.0%) 
waterindices            12/65536          24/131072   ( 0.0%) 
cubemapsamples           0/1024            0/16384    ( 0.0%) 
overlays                 0/512             0/180224   ( 0.0%) 
LDR lightdata         [variable]      149584/0        ( 0.0%) 
HDR lightdata         [variable]           0/0        ( 0.0%) 
visdata               [variable]         148/16777216 ( 0.0%) 
entdata               [variable]         623/393216   ( 0.2%) 
LDR ambient table       58/65536         232/262144   ( 0.1%) 
HDR ambient table       58/65536         232/262144   ( 0.1%) 
LDR leaf ambient       165/65536        4620/1835008  ( 0.3%) 
HDR leaf ambient        58/65536        1624/1835008  ( 0.1%) 
occluders                0/0               0/0        ( 0.0%) 
occluder polygons        0/0               0/0        ( 0.0%) 
occluder vert ind        0/0               0/0        ( 0.0%) 
detail props          [variable]           1/12       ( 8.3%) 
static props          [variable]           1/2408     ( 0.0%) 
pakfile               [variable]      105647/0        ( 0.0%) 
physics               [variable]      234103/4194304  ( 5.6%) 
physics terrain       [variable]           0/1048576  ( 0.0%) 

Level flags = 0

Total triangle count: 60
Writing c:\program files (x86)\steam\steamapps\sourcemods\physicalgame\maps\road.bsp
1 second elapsed



materialPath: C:\Program Files (x86)\Steam\steamapps\sourcemods\PhysicalGame\materials
Loading C:\Program Files (x86)\Steam\steamapps\sourcemods\PhysicalGame\maps\road.vmf
Could not locate 'GameData' key in c:\program files (x86)\steam\steamapps\sourcemods\physicalgame\gameinfo.txt
fixing up env_cubemap materials on brush sides...
0...1...2...3...4...5...6...7...8...9...100...1...2...3...4...5...6...7...8...9...10Processing areas...done (0)
Building Faces...done (0)
FixTjuncs...
PruneNodes...
WriteBSP...
done (0)
writing C:\Program Files (x86)\Steam\steamapps\sourcemods\PhysicalGame\maps\road.prt...Building visibility clusters...
done (0)
Creating default LDR cubemaps for env_cubemap using skybox materials:
   skybox/sky_day01_01*.vmt
 ! Run buildcubemaps in the engine to get the correct cube maps.
Creating default HDR cubemaps for env_cubemap using skybox materials:
   skybox/sky_day01_01*.vmt
 ! Run buildcubemaps in the engine to get the correct cube maps.
Finding displacement neighbors...
Finding lightmap sample positions...
Displacement Alpha : 0...1...2...3...4...5...6...7...8...9...10
Building Physics collision data...
WARNING: Map using power 4 displacements, terrain physics cannot be compressed, map will need additional memory and CPU.
done (0) (234103 bytes)
Placing detail props : 0...1...2...3...4...5...6...7...8...9...10
Compacting texture/material tables...
Reduced 7 texinfos to 3
Reduced 3 texdatas to 3 (63 bytes to 63)
Writing C:\Program Files (x86)\Steam\steamapps\sourcemods\PhysicalGame\maps\road.bsp
0 seconds elapsed



4 threads
reading c:\program files (x86)\steam\steamapps\sourcemods\physicalgame\maps\road.bsp
reading c:\program files (x86)\steam\steamapps\sourcemods\physicalgame\maps\road.prt
  12 portalclusters
  17 numportals
0...1...2...3...4...5...6...7...8...9...100...1...2...3...4...5...6...7...8...9...10Optimized: 0 visible clusters (0.00%)
Total clusters visible: 144
Average clusters visible: 12
Building PAS...
Average clusters audible: 12
visdatasize:148  compressed from 192
writing c:\program files (x86)\steam\steamapps\sourcemods\physicalgame\maps\road.bsp
0 seconds elapsed



[Reading texlights from 'lights.rad']
[48 texlights parsed from 'lights.rad']

Loading c:\program files (x86)\steam\steamapps\sourcemods\physicalgame\maps\road.bsp
29 faces
175672 square feet [25296896.00 square inches]
4 Displacements
63768 Square Feet [9182728.00 Square Inches]
29 patches before subdivision
4117 patches after subdivision
2 direct lights
0...1...2...3...4...5...6...7...8...9...100...1...2...3...4...5...6...7...8...9...10transfers 12757, max 64
transfer lists:   0.1 megs
0...1...2...3...4...5...6...7...8...9...10	Bounce #1 added RGB(23, 27, 8)
0...1...2...3...4...5...6...7...8...9...10	Bounce #2 added RGB(0, 0, 0)
Build Patch/Sample Hash Table(s).....Done<0.0020 sec>
0...1...2...3...4...5...6...7...8...9...10FinalLightFace Done
0 of 0 (0% of) surface lights went in leaf ambient cubes.
0...1...2...3...4...5...6...7...8...9...10Writing leaf ambient...done
Ready to Finish

Object names       Objects/Maxobjs  Memory / Maxmem  Fullness 
------------       ---------------  ---------------  -------- 
models                   1/1024           48/49152    ( 0.1%) 
brushes                  6/8192           72/98304    ( 0.1%) 
brushsides              36/65536         288/524288   ( 0.1%) 
planes                  52/65536        1040/1310720  ( 0.1%) 
vertexes                66/65536         792/786432   ( 0.1%) 
nodes                   56/65536        1792/2097152  ( 0.1%) 
texinfos                 3/12288         216/884736   ( 0.0%) 
texdata                  3/2048           96/65536    ( 0.1%) 
dispinfos                4/0             704/0        ( 0.0%) 
disp_verts            1156/0           23120/0        ( 0.0%) 
disp_tris             2048/0            4096/0        ( 0.0%) 
disp_lmsamples      168332/0          168332/0        ( 0.0%) 
faces                   29/65536        1624/3670016  ( 0.0%) 
hdr faces                0/65536           0/3670016  ( 0.0%) 
origfaces                9/65536         504/3670016  ( 0.0%) 
leaves                  58/65536        1856/2097152  ( 0.1%) 
leaffaces               26/65536          52/131072   ( 0.0%) 
leafbrushes             39/65536          78/131072   ( 0.1%) 
areas                    2/256            16/2048     ( 0.8%) 
surfedges              154/512000        616/2048000  ( 0.0%) 
edges                  103/256000        412/1024000  ( 0.0%) 
LDR worldlights          2/8192          176/720896   ( 0.0%) 
HDR worldlights          0/8192            0/720896   ( 0.0%) 
leafwaterdata            0/32768           0/393216   ( 0.0%) 
waterstrips              1/32768          10/327680   ( 0.0%) 
waterverts               0/65536           0/786432   ( 0.0%) 
waterindices            12/65536          24/131072   ( 0.0%) 
cubemapsamples           0/1024            0/16384    ( 0.0%) 
overlays                 0/512             0/180224   ( 0.0%) 
LDR lightdata         [variable]      149584/0        ( 0.0%) 
HDR lightdata         [variable]           0/0        ( 0.0%) 
visdata               [variable]         148/16777216 ( 0.0%) 
entdata               [variable]        6570/393216   ( 1.7%) 
LDR ambient table       58/65536         232/262144   ( 0.1%) 
HDR ambient table       58/65536         232/262144   ( 0.1%) 
LDR leaf ambient       165/65536        4620/1835008  ( 0.3%) 
HDR leaf ambient        58/65536        1624/1835008  ( 0.1%) 
occluders                0/0               0/0        ( 0.0%) 
occluder polygons        0/0               0/0        ( 0.0%) 
occluder vert ind        0/0               0/0        ( 0.0%) 
detail props          [variable]           1/12       ( 8.3%) 
static props          [variable]           1/2408     ( 0.0%) 
pakfile               [variable]      105647/0        ( 0.0%) 
physics               [variable]      234103/4194304  ( 5.6%) 
physics terrain       [variable]           0/1048576  ( 0.0%) 

Level flags = 0

Total triangle count: 60
Writing c:\program files (x86)\steam\steamapps\sourcemods\physicalgame\maps\road.bsp
1 second elapsed



materialPath: C:\Program Files (x86)\Steam\steamapps\sourcemods\PhysicalGame\materials
Loading C:\Program Files (x86)\Steam\steamapps\sourcemods\PhysicalGame\maps\road.vmf
Could not locate 'GameData' key in c:\program files (x86)\steam\steamapps\sourcemods\physicalgame\gameinfo.txt
fixing up env_cubemap materials on brush sides...
0...1...2...3...4...5...6...7...8...9...100...1...2...3...4...5...6...7...8...9...10Processing areas...done (0)
Building Faces...done (0)
FixTjuncs...
PruneNodes...
WriteBSP...
done (0)
writing C:\Program Files (x86)\Steam\steamapps\sourcemods\PhysicalGame\maps\road.prt...Building visibility clusters...
done (0)
Creating default LDR cubemaps for env_cubemap using skybox materials:
   skybox/sky_day01_01*.vmt
 ! Run buildcubemaps in the engine to get the correct cube maps.
Creating default HDR cubemaps for env_cubemap using skybox materials:
   skybox/sky_day01_01*.vmt
 ! Run buildcubemaps in the engine to get the correct cube maps.
Finding displacement neighbors...
Finding lightmap sample positions...
Displacement Alpha : 0...1...2...3...4...5...6...7...8...9...10
Building Physics collision data...
WARNING: Map using power 4 displacements, terrain physics cannot be compressed, map will need additional memory and CPU.
done (0) (234103 bytes)
Placing detail props : 0...1...2...3...4...5...6...7...8...9...10
Compacting texture/material tables...
Reduced 7 texinfos to 3
Reduced 3 texdatas to 3 (63 bytes to 63)
Writing C:\Program Files (x86)\Steam\steamapps\sourcemods\PhysicalGame\maps\road.bsp
0 seconds elapsed



4 threads
reading c:\program files (x86)\steam\steamapps\sourcemods\physicalgame\maps\road.bsp
reading c:\program files (x86)\steam\steamapps\sourcemods\physicalgame\maps\road.prt
  12 portalclusters
  17 numportals
0...1...2...3...4...5...6...7...8...9...100...1...2...3...4...5...6...7...8...9...10Optimized: 0 visible clusters (0.00%)
Total clusters visible: 144
Average clusters visible: 12
Building PAS...
Average clusters audible: 12
visdatasize:148  compressed from 192
writing c:\program files (x86)\steam\steamapps\sourcemods\physicalgame\maps\road.bsp
0 seconds elapsed



[Reading texlights from 'lights.rad']
[48 texlights parsed from 'lights.rad']

Loading c:\program files (x86)\steam\steamapps\sourcemods\physicalgame\maps\road.bsp
29 faces
175672 square feet [25296896.00 square inches]
4 Displacements
63768 Square Feet [9182728.00 Square Inches]
29 patches before subdivision
4117 patches after subdivision
2 direct lights
0...1...2...3...4...5...6...7...8...9...100...1...2...3...4...5...6...7...8...9...10transfers 12757, max 64
transfer lists:   0.1 megs
0...1...2...3...4...5...6...7...8...9...10	Bounce #1 added RGB(23, 27, 8)
0...1...2...3...4...5...6...7...8...9...10	Bounce #2 added RGB(0, 0, 0)
Build Patch/Sample Hash Table(s).....Done<0.0019 sec>
0...1...2...3...4...5...6...7...8...9...10FinalLightFace Done
0 of 0 (0% of) surface lights went in leaf ambient cubes.
0...1...2...3...4...5...6...7...8...9...10Writing leaf ambient...done
Ready to Finish

Object names       Objects/Maxobjs  Memory / Maxmem  Fullness 
------------       ---------------  ---------------  -------- 
models                   1/1024           48/49152    ( 0.1%) 
brushes                  6/8192           72/98304    ( 0.1%) 
brushsides              36/65536         288/524288   ( 0.1%) 
planes                  52/65536        1040/1310720  ( 0.1%) 
vertexes                66/65536         792/786432   ( 0.1%) 
nodes                   56/65536        1792/2097152  ( 0.1%) 
texinfos                 3/12288         216/884736   ( 0.0%) 
texdata                  3/2048           96/65536    ( 0.1%) 
dispinfos                4/0             704/0        ( 0.0%) 
disp_verts            1156/0           23120/0        ( 0.0%) 
disp_tris             2048/0            4096/0        ( 0.0%) 
disp_lmsamples      168332/0          168332/0        ( 0.0%) 
faces                   29/65536        1624/3670016  ( 0.0%) 
hdr faces                0/65536           0/3670016  ( 0.0%) 
origfaces                9/65536         504/3670016  ( 0.0%) 
leaves                  58/65536        1856/2097152  ( 0.1%) 
leaffaces               26/65536          52/131072   ( 0.0%) 
leafbrushes             39/65536          78/131072   ( 0.1%) 
areas                    2/256            16/2048     ( 0.8%) 
surfedges              154/512000        616/2048000  ( 0.0%) 
edges                  103/256000        412/1024000  ( 0.0%) 
LDR worldlights          2/8192          176/720896   ( 0.0%) 
HDR worldlights          0/8192            0/720896   ( 0.0%) 
leafwaterdata            0/32768           0/393216   ( 0.0%) 
waterstrips              1/32768          10/327680   ( 0.0%) 
waterverts               0/65536           0/786432   ( 0.0%) 
waterindices            12/65536          24/131072   ( 0.0%) 
cubemapsamples           0/1024            0/16384    ( 0.0%) 
overlays                 0/512             0/180224   ( 0.0%) 
LDR lightdata         [variable]      149584/0        ( 0.0%) 
HDR lightdata         [variable]           0/0        ( 0.0%) 
visdata               [variable]         148/16777216 ( 0.0%) 
entdata               [variable]        6675/393216   ( 1.7%) 
LDR ambient table       58/65536         232/262144   ( 0.1%) 
HDR ambient table       58/65536         232/262144   ( 0.1%) 
LDR leaf ambient       165/65536        4620/1835008  ( 0.3%) 
HDR leaf ambient        58/65536        1624/1835008  ( 0.1%) 
occluders                0/0               0/0        ( 0.0%) 
occluder polygons        0/0               0/0        ( 0.0%) 
occluder vert ind        0/0               0/0        ( 0.0%) 
detail props          [variable]           1/12       ( 8.3%) 
static props          [variable]           1/2408     ( 0.0%) 
pakfile               [variable]      105647/0        ( 0.0%) 
physics               [variable]      234103/4194304  ( 5.6%) 
physics terrain       [variable]           0/1048576  ( 0.0%) 

Level flags = 0

Total triangle count: 60
Writing c:\program files (x86)\steam\steamapps\sourcemods\physicalgame\maps\road.bsp
1 second elapsed



materialPath: C:\Program Files (x86)\Steam\steamapps\sourcemods\PhysicalGame\materials
Loading C:\Program Files (x86)\Steam\steamapps\sourcemods\PhysicalGame\maps\road.vmf
Could not locate 'GameData' key in c:\program files (x86)\steam\steamapps\sourcemods\physicalgame\gameinfo.txt
fixing up env_cubemap materials on brush sides...
0...1...2...3...4...5...6...7...8...9...100...1...2...3...4...5...6...7...8...9...10Processing areas...done (0)
Building Faces...done (0)
FixTjuncs...
PruneNodes...
WriteBSP...
done (0)
writing C:\Program Files (x86)\Steam\steamapps\sourcemods\PhysicalGame\maps\road.prt...Building visibility clusters...
done (0)
Creating default LDR cubemaps for env_cubemap using skybox materials:
   skybox/sky_day01_01*.vmt
 ! Run buildcubemaps in the engine to get the correct cube maps.
Creating default HDR cubemaps for env_cubemap using skybox materials:
   skybox/sky_day01_01*.vmt
 ! Run buildcubemaps in the engine to get the correct cube maps.
Finding displacement neighbors...
Finding lightmap sample positions...
Displacement Alpha : 0...1...2...3...4...5...6...7...8...9...10
Building Physics collision data...
WARNING: Map using power 4 displacements, terrain physics cannot be compressed, map will need additional memory and CPU.
done (0) (298979 bytes)
Placing detail props : 0...1...2...3...4...5...6...7...8...9...10
Compacting texture/material tables...
Reduced 42 texinfos to 33
Reduced 4 texdatas to 4 (89 bytes to 89)
Writing C:\Program Files (x86)\Steam\steamapps\sourcemods\PhysicalGame\maps\road.bsp
0 seconds elapsed



4 threads
reading c:\program files (x86)\steam\steamapps\sourcemods\physicalgame\maps\road.bsp
reading c:\program files (x86)\steam\steamapps\sourcemods\physicalgame\maps\road.prt
  12 portalclusters
  17 numportals
0...1...2...3...4...5...6...7...8...9...100...1...2...3...4...5...6...7...8...9...10Optimized: 0 visible clusters (0.00%)
Total clusters visible: 144
Average clusters visible: 12
Building PAS...
Average clusters audible: 12
visdatasize:148  compressed from 192
writing c:\program files (x86)\steam\steamapps\sourcemods\physicalgame\maps\road.bsp
0 seconds elapsed



[Reading texlights from 'lights.rad']
[48 texlights parsed from 'lights.rad']

Loading c:\program files (x86)\steam\steamapps\sourcemods\physicalgame\maps\road.bsp
925 faces
176851 square feet [25466632.00 square inches]
4 Displacements
63768 Square Feet [9182728.00 Square Inches]
925 patches before subdivision
5013 patches after subdivision
2 direct lights
0...1...2...3...4...5...6...7...8...9...100...1...2...3...4...5...6...7...8...9...10transfers 91492, max 187
transfer lists:   0.7 megs
0...1...2...3...4...5...6...7...8...9...10	Bounce #1 added RGB(5195, 6080, 1855)
0...1...2...3...4...5...6...7...8...9...10	Bounce #2 added RGB(0, 0, 0)
Build Patch/Sample Hash Table(s).....Done<0.0022 sec>
0...1...2...3...4...5...6...7...8...9...10FinalLightFace Done
0 of 0 (0% of) surface lights went in leaf ambient cubes.
0...1...2...3...4...5...6...7...8...9...10Writing leaf ambient...done
Ready to Finish

Object names       Objects/Maxobjs  Memory / Maxmem  Fullness 
------------       ---------------  ---------------  -------- 
models                  15/1024          720/49152    ( 1.5%) 
brushes                 20/8192          240/98304    ( 0.2%) 
brushsides            2011/65536       16088/524288   ( 3.1%) 
planes                3646/65536       72920/1310720  ( 5.6%) 
vertexes              1564/65536       18768/786432   ( 2.4%) 
nodes                  952/65536       30464/2097152  ( 1.5%) 
texinfos                33/12288        2376/884736   ( 0.3%) 
texdata                  4/2048          128/65536    ( 0.2%) 
dispinfos                4/0             704/0        ( 0.0%) 
disp_verts            1156/0           23120/0        ( 0.0%) 
disp_tris             2048/0            4096/0        ( 0.0%) 
disp_lmsamples      168332/0          168332/0        ( 0.0%) 
faces                  925/65536       51800/3670016  ( 1.4%) 
hdr faces                0/65536           0/3670016  ( 0.0%) 
origfaces              905/65536       50680/3670016  ( 1.4%) 
leaves                 968/65536       30976/2097152  ( 1.5%) 
leaffaces              922/65536        1844/131072   ( 1.4%) 
leafbrushes             53/65536         106/131072   ( 0.1%) 
areas                    2/256            16/2048     ( 0.8%) 
surfedges             9632/512000      38528/2048000  ( 1.9%) 
edges                 4863/256000      19452/1024000  ( 1.9%) 
LDR worldlights          2/8192          176/720896   ( 0.0%) 
HDR worldlights          0/8192            0/720896   ( 0.0%) 
leafwaterdata            0/32768           0/393216   ( 0.0%) 
waterstrips              1/32768          10/327680   ( 0.0%) 
waterverts               0/65536           0/786432   ( 0.0%) 
waterindices            12/65536          24/131072   ( 0.0%) 
cubemapsamples           0/1024            0/16384    ( 0.0%) 
overlays                 0/512             0/180224   ( 0.0%) 
LDR lightdata         [variable]      183064/0        ( 0.0%) 
HDR lightdata         [variable]           0/0        ( 0.0%) 
visdata               [variable]         148/16777216 ( 0.0%) 
entdata               [variable]       14952/393216   ( 3.8%) 
LDR ambient table      968/65536        3872/262144   ( 1.5%) 
HDR ambient table      968/65536        3872/262144   ( 1.5%) 
LDR leaf ambient      1061/65536       29708/1835008  ( 1.6%) 
HDR leaf ambient       968/65536       27104/1835008  ( 1.5%) 
occluders                0/0               0/0        ( 0.0%) 
occluder polygons        0/0               0/0        ( 0.0%) 
occluder vert ind        0/0               0/0        ( 0.0%) 
detail props          [variable]           1/12       ( 8.3%) 
static props          [variable]           1/2408     ( 0.0%) 
pakfile               [variable]      105647/0        ( 0.0%) 
physics               [variable]      298979/4194304  ( 7.1%) 
physics terrain       [variable]           0/1048576  ( 0.0%) 

Level flags = 0

Total triangle count: 2972
Writing c:\program files (x86)\steam\steamapps\sourcemods\physicalgame\maps\road.bsp
1 second elapsed



materialPath: C:\Program Files (x86)\Steam\steamapps\sourcemods\PhysicalGame\materials
Loading C:\Program Files (x86)\Steam\steamapps\sourcemods\PhysicalGame\maps\road.vmf
Could not locate 'GameData' key in c:\program files (x86)\steam\steamapps\sourcemods\physicalgame\gameinfo.txt
fixing up env_cubemap materials on brush sides...
0...1...2...3...4...5...6...7...8...9...100...1...2...3...4...5...6...7...8...9...10Processing areas...done (0)
Building Faces...done (0)
FixTjuncs...
PruneNodes...
WriteBSP...
done (0)
writing C:\Program Files (x86)\Steam\steamapps\sourcemods\PhysicalGame\maps\road.prt...Building visibility clusters...
done (0)
Creating default LDR cubemaps for env_cubemap using skybox materials:
   skybox/sky_day01_01*.vmt
 ! Run buildcubemaps in the engine to get the correct cube maps.
Creating default HDR cubemaps for env_cubemap using skybox materials:
   skybox/sky_day01_01*.vmt
 ! Run buildcubemaps in the engine to get the correct cube maps.
Finding displacement neighbors...
Finding lightmap sample positions...
Displacement Alpha : 0...1...2...3...4...5...6...7...8...9...10
Building Physics collision data...
WARNING: Map using power 4 displacements, terrain physics cannot be compressed, map will need additional memory and CPU.
done (0) (298979 bytes)
Placing detail props : 0...1...2...3...4...5...6...7...8...9...10
Compacting texture/material tables...
Reduced 40 texinfos to 33
Reduced 4 texdatas to 4 (73 bytes to 73)
Writing C:\Program Files (x86)\Steam\steamapps\sourcemods\PhysicalGame\maps\road.bsp
0 seconds elapsed



4 threads
reading c:\program files (x86)\steam\steamapps\sourcemods\physicalgame\maps\road.bsp
reading c:\program files (x86)\steam\steamapps\sourcemods\physicalgame\maps\road.prt
  12 portalclusters
  17 numportals
0...1...2...3...4...5...6...7...8...9...100...1...2...3...4...5...6...7...8...9...10Optimized: 0 visible clusters (0.00%)
Total clusters visible: 144
Average clusters visible: 12
Building PAS...
Average clusters audible: 12
visdatasize:148  compressed from 192
writing c:\program files (x86)\steam\steamapps\sourcemods\physicalgame\maps\road.bsp
0 seconds elapsed



[Reading texlights from 'lights.rad']
[48 texlights parsed from 'lights.rad']

Loading c:\program files (x86)\steam\steamapps\sourcemods\physicalgame\maps\road.bsp
925 faces
176851 square feet [25466632.00 square inches]
4 Displacements
63768 Square Feet [9182728.00 Square Inches]
925 patches before subdivision
5013 patches after subdivision
2 direct lights
0...1...2...3...4...5...6...7...8...9...100...1...2...3...4...5...6...7...8...9...10transfers 91492, max 187
transfer lists:   0.7 megs
0...1...2...3...4...5...6...7...8...9...10	Bounce #1 added RGB(5195, 6080, 1855)
0...1...2...3...4...5...6...7...8...9...10	Bounce #2 added RGB(0, 0, 0)
Build Patch/Sample Hash Table(s).....Done<0.0021 sec>
0...1...2...3...4...5...6...7...8...9...10FinalLightFace Done
0 of 0 (0% of) surface lights went in leaf ambient cubes.
0...1...2...3...4...5...6...7...8...9...10Writing leaf ambient...done
Ready to Finish

Object names       Objects/Maxobjs  Memory / Maxmem  Fullness 
------------       ---------------  ---------------  -------- 
models                  15/1024          720/49152    ( 1.5%) 
brushes                 20/8192          240/98304    ( 0.2%) 
brushsides            2011/65536       16088/524288   ( 3.1%) 
planes                3646/65536       72920/1310720  ( 5.6%) 
vertexes              1564/65536       18768/786432   ( 2.4%) 
nodes                  952/65536       30464/2097152  ( 1.5%) 
texinfos                33/12288        2376/884736   ( 0.3%) 
texdata                  4/2048          128/65536    ( 0.2%) 
dispinfos                4/0             704/0        ( 0.0%) 
disp_verts            1156/0           23120/0        ( 0.0%) 
disp_tris             2048/0            4096/0        ( 0.0%) 
disp_lmsamples      168332/0          168332/0        ( 0.0%) 
faces                  925/65536       51800/3670016  ( 1.4%) 
hdr faces                0/65536           0/3670016  ( 0.0%) 
origfaces              905/65536       50680/3670016  ( 1.4%) 
leaves                 968/65536       30976/2097152  ( 1.5%) 
leaffaces              922/65536        1844/131072   ( 1.4%) 
leafbrushes             53/65536         106/131072   ( 0.1%) 
areas                    2/256            16/2048     ( 0.8%) 
surfedges             9632/512000      38528/2048000  ( 1.9%) 
edges                 4863/256000      19452/1024000  ( 1.9%) 
LDR worldlights          2/8192          176/720896   ( 0.0%) 
HDR worldlights          0/8192            0/720896   ( 0.0%) 
leafwaterdata            0/32768           0/393216   ( 0.0%) 
waterstrips              1/32768          10/327680   ( 0.0%) 
waterverts               0/65536           0/786432   ( 0.0%) 
waterindices            12/65536          24/131072   ( 0.0%) 
cubemapsamples           0/1024            0/16384    ( 0.0%) 
overlays                 0/512             0/180224   ( 0.0%) 
LDR lightdata         [variable]      272816/0        ( 0.0%) 
HDR lightdata         [variable]           0/0        ( 0.0%) 
visdata               [variable]         148/16777216 ( 0.0%) 
entdata               [variable]       14952/393216   ( 3.8%) 
LDR ambient table      968/65536        3872/262144   ( 1.5%) 
HDR ambient table      968/65536        3872/262144   ( 1.5%) 
LDR leaf ambient      1061/65536       29708/1835008  ( 1.6%) 
HDR leaf ambient       968/65536       27104/1835008  ( 1.5%) 
occluders                0/0               0/0        ( 0.0%) 
occluder polygons        0/0               0/0        ( 0.0%) 
occluder vert ind        0/0               0/0        ( 0.0%) 
detail props          [variable]           1/12       ( 8.3%) 
static props          [variable]           1/2408     ( 0.0%) 
pakfile               [variable]      105647/0        ( 0.0%) 
physics               [variable]      298979/4194304  ( 7.1%) 
physics terrain       [variable]           0/1048576  ( 0.0%) 

Level flags = 0

Total triangle count: 2972
Writing c:\program files (x86)\steam\steamapps\sourcemods\physicalgame\maps\road.bsp
1 second elapsed



materialPath: C:\Program Files (x86)\Steam\steamapps\sourcemods\PhysicalGame\materials
Loading C:\Program Files (x86)\Steam\steamapps\sourcemods\PhysicalGame\maps\road.vmf
Could not locate 'GameData' key in c:\program files (x86)\steam\steamapps\sourcemods\physicalgame\gameinfo.txt
fixing up env_cubemap materials on brush sides...
0...1...2...3...4...5...6...7...8...9...100...1...2...3...4...5...6...7...8...9...10Processing areas...done (0)
Building Faces...done (0)
FixTjuncs...
PruneNodes...
WriteBSP...
done (0)
writing C:\Program Files (x86)\Steam\steamapps\sourcemods\PhysicalGame\maps\road.prt...Building visibility clusters...
done (0)
Creating default LDR cubemaps for env_cubemap using skybox materials:
   skybox/sky_day01_01*.vmt
 ! Run buildcubemaps in the engine to get the correct cube maps.
Creating default HDR cubemaps for env_cubemap using skybox materials:
   skybox/sky_day01_01*.vmt
 ! Run buildcubemaps in the engine to get the correct cube maps.
Finding displacement neighbors...
Finding lightmap sample positions...
Displacement Alpha : 0...1...2...3...4...5...6...7...8...9...10
Building Physics collision data...
WARNING: Map using power 4 displacements, terrain physics cannot be compressed, map will need additional memory and CPU.
done (0) (298979 bytes)
Placing detail props : 0...1...2...3...4...5...6...7...8...9...10
Compacting texture/material tables...
Reduced 40 texinfos to 33
Reduced 4 texdatas to 4 (73 bytes to 73)
Writing C:\Program Files (x86)\Steam\steamapps\sourcemods\PhysicalGame\maps\road.bsp
0 seconds elapsed



4 threads
reading c:\program files (x86)\steam\steamapps\sourcemods\physicalgame\maps\road.bsp
reading c:\program files (x86)\steam\steamapps\sourcemods\physicalgame\maps\road.prt
  12 portalclusters
  17 numportals
0...1...2...3...4...5...6...7...8...9...100...1...2...3...4...5...6...7...8...9...10Optimized: 0 visible clusters (0.00%)
Total clusters visible: 144
Average clusters visible: 12
Building PAS...
Average clusters audible: 12
visdatasize:148  compressed from 192
writing c:\program files (x86)\steam\steamapps\sourcemods\physicalgame\maps\road.bsp
0 seconds elapsed



[Reading texlights from 'lights.rad']
[48 texlights parsed from 'lights.rad']

Loading c:\program files (x86)\steam\steamapps\sourcemods\physicalgame\maps\road.bsp
925 faces
176851 square feet [25466632.00 square inches]
4 Displacements
63768 Square Feet [9182728.00 Square Inches]
925 patches before subdivision
5013 patches after subdivision
2 direct lights
0...1...2...3...4...5...6...7...8...9...100...1...2...3...4...5...6...7...8...9...10transfers 91492, max 187
transfer lists:   0.7 megs
0...1...2...3...4...5...6...7...8...9...10	Bounce #1 added RGB(5195, 6080, 1855)
0...1...2...3...4...5...6...7...8...9...10	Bounce #2 added RGB(0, 0, 0)
Build Patch/Sample Hash Table(s).....Done<0.0022 sec>
0...1...2...3...4...5...6...7...8...9...10FinalLightFace Done
0 of 0 (0% of) surface lights went in leaf ambient cubes.
0...1...2...3...4...5...6...7...8...9...10Writing leaf ambient...done
Ready to Finish

Object names       Objects/Maxobjs  Memory / Maxmem  Fullness 
------------       ---------------  ---------------  -------- 
models                  15/1024          720/49152    ( 1.5%) 
brushes                 20/8192          240/98304    ( 0.2%) 
brushsides            2011/65536       16088/524288   ( 3.1%) 
planes                3646/65536       72920/1310720  ( 5.6%) 
vertexes              1564/65536       18768/786432   ( 2.4%) 
nodes                  952/65536       30464/2097152  ( 1.5%) 
texinfos                33/12288        2376/884736   ( 0.3%) 
texdata                  4/2048          128/65536    ( 0.2%) 
dispinfos                4/0             704/0        ( 0.0%) 
disp_verts            1156/0           23120/0        ( 0.0%) 
disp_tris             2048/0            4096/0        ( 0.0%) 
disp_lmsamples      168332/0          168332/0        ( 0.0%) 
faces                  925/65536       51800/3670016  ( 1.4%) 
hdr faces                0/65536           0/3670016  ( 0.0%) 
origfaces              905/65536       50680/3670016  ( 1.4%) 
leaves                 968/65536       30976/2097152  ( 1.5%) 
leaffaces              922/65536        1844/131072   ( 1.4%) 
leafbrushes             53/65536         106/131072   ( 0.1%) 
areas                    2/256            16/2048     ( 0.8%) 
surfedges             9632/512000      38528/2048000  ( 1.9%) 
edges                 4863/256000      19452/1024000  ( 1.9%) 
LDR worldlights          2/8192          176/720896   ( 0.0%) 
HDR worldlights          0/8192            0/720896   ( 0.0%) 
leafwaterdata            0/32768           0/393216   ( 0.0%) 
waterstrips              1/32768          10/327680   ( 0.0%) 
waterverts               0/65536           0/786432   ( 0.0%) 
waterindices            12/65536          24/131072   ( 0.0%) 
cubemapsamples           0/1024            0/16384    ( 0.0%) 
overlays                 0/512             0/180224   ( 0.0%) 
LDR lightdata         [variable]      272816/0        ( 0.0%) 
HDR lightdata         [variable]           0/0        ( 0.0%) 
visdata               [variable]         148/16777216 ( 0.0%) 
entdata               [variable]       14924/393216   ( 3.8%) 
LDR ambient table      968/65536        3872/262144   ( 1.5%) 
HDR ambient table      968/65536        3872/262144   ( 1.5%) 
LDR leaf ambient      1061/65536       29708/1835008  ( 1.6%) 
HDR leaf ambient       968/65536       27104/1835008  ( 1.5%) 
occluders                0/0               0/0        ( 0.0%) 
occluder polygons        0/0               0/0        ( 0.0%) 
occluder vert ind        0/0               0/0        ( 0.0%) 
detail props          [variable]           1/12       ( 8.3%) 
static props          [variable]           1/2408     ( 0.0%) 
pakfile               [variable]      105647/0        ( 0.0%) 
physics               [variable]      298979/4194304  ( 7.1%) 
physics terrain       [variable]           0/1048576  ( 0.0%) 

Level flags = 0

Total triangle count: 2972
Writing c:\program files (x86)\steam\steamapps\sourcemods\physicalgame\maps\road.bsp
2 seconds elapsed



materialPath: C:\Program Files (x86)\Steam\steamapps\sourcemods\PhysicalGame\materials
Loading C:\Program Files (x86)\Steam\steamapps\sourcemods\PhysicalGame\maps\road.vmf
Could not locate 'GameData' key in c:\program files (x86)\steam\steamapps\sourcemods\physicalgame\gameinfo.txt
fixing up env_cubemap materials on brush sides...
0...1...2...3...4...5...6...7...8...9...100...1...2...3...4...5...6...7...8...9...10Processing areas...done (0)
Building Faces...done (0)
FixTjuncs...
PruneNodes...
WriteBSP...
done (0)
writing C:\Program Files (x86)\Steam\steamapps\sourcemods\PhysicalGame\maps\road.prt...Building visibility clusters...
done (0)
Creating default LDR cubemaps for env_cubemap using skybox materials:
   skybox/sky_day01_01*.vmt
 ! Run buildcubemaps in the engine to get the correct cube maps.
Creating default HDR cubemaps for env_cubemap using skybox materials:
   skybox/sky_day01_01*.vmt
 ! Run buildcubemaps in the engine to get the correct cube maps.
Finding displacement neighbors...
Finding lightmap sample positions...
Displacement Alpha : 0...1...2...3...4...5...6...7...8...9...10
Building Physics collision data...
WARNING: Map using power 4 displacements, terrain physics cannot be compressed, map will need additional memory and CPU.
done (0) (298979 bytes)
Placing detail props : 0...1...2...3...4...5...6...7...8...9...10
Compacting texture/material tables...
Reduced 40 texinfos to 33
Reduced 4 texdatas to 4 (73 bytes to 73)
Writing C:\Program Files (x86)\Steam\steamapps\sourcemods\PhysicalGame\maps\road.bsp
0 seconds elapsed



4 threads
reading c:\program files (x86)\steam\steamapps\sourcemods\physicalgame\maps\road.bsp
reading c:\program files (x86)\steam\steamapps\sourcemods\physicalgame\maps\road.prt
  12 portalclusters
  17 numportals
0...1...2...3...4...5...6...7...8...9...100...1...2...3...4...5...6...7...8...9...10Optimized: 0 visible clusters (0.00%)
Total clusters visible: 144
Average clusters visible: 12
Building PAS...
Average clusters audible: 12
visdatasize:148  compressed from 192
writing c:\program files (x86)\steam\steamapps\sourcemods\physicalgame\maps\road.bsp
0 seconds elapsed



[Reading texlights from 'lights.rad']
[48 texlights parsed from 'lights.rad']

Loading c:\program files (x86)\steam\steamapps\sourcemods\physicalgame\maps\road.bsp
925 faces
176851 square feet [25466632.00 square inches]
4 Displacements
63768 Square Feet [9182728.00 Square Inches]
925 patches before subdivision
5013 patches after subdivision
2 direct lights
0...1...2...3...4...5...6...7...8...9...100...1...2...3...4...5...6...7...8...9...10transfers 91492, max 187
transfer lists:   0.7 megs
0...1...2...3...4...5...6...7...8...9...10	Bounce #1 added RGB(5195, 6080, 1855)
0...1...2...3...4...5...6...7...8...9...10	Bounce #2 added RGB(0, 0, 0)
Build Patch/Sample Hash Table(s).....Done<0.0022 sec>
0...1...2...3...4...5...6...7...8...9...10FinalLightFace Done
0 of 0 (0% of) surface lights went in leaf ambient cubes.
0...1...2...3...4...5...6...7...8...9...10Writing leaf ambient...done
Ready to Finish

Object names       Objects/Maxobjs  Memory / Maxmem  Fullness 
------------       ---------------  ---------------  -------- 
models                  15/1024          720/49152    ( 1.5%) 
brushes                 20/8192          240/98304    ( 0.2%) 
brushsides            2011/65536       16088/524288   ( 3.1%) 
planes                3646/65536       72920/1310720  ( 5.6%) 
vertexes              1564/65536       18768/786432   ( 2.4%) 
nodes                  952/65536       30464/2097152  ( 1.5%) 
texinfos                33/12288        2376/884736   ( 0.3%) 
texdata                  4/2048          128/65536    ( 0.2%) 
dispinfos                4/0             704/0        ( 0.0%) 
disp_verts            1156/0           23120/0        ( 0.0%) 
disp_tris             2048/0            4096/0        ( 0.0%) 
disp_lmsamples      168332/0          168332/0        ( 0.0%) 
faces                  925/65536       51800/3670016  ( 1.4%) 
hdr faces                0/65536           0/3670016  ( 0.0%) 
origfaces              905/65536       50680/3670016  ( 1.4%) 
leaves                 968/65536       30976/2097152  ( 1.5%) 
leaffaces              922/65536        1844/131072   ( 1.4%) 
leafbrushes             53/65536         106/131072   ( 0.1%) 
areas                    2/256            16/2048     ( 0.8%) 
surfedges             9632/512000      38528/2048000  ( 1.9%) 
edges                 4863/256000      19452/1024000  ( 1.9%) 
LDR worldlights          2/8192          176/720896   ( 0.0%) 
HDR worldlights          0/8192            0/720896   ( 0.0%) 
leafwaterdata            0/32768           0/393216   ( 0.0%) 
waterstrips              1/32768          10/327680   ( 0.0%) 
waterverts               0/65536           0/786432   ( 0.0%) 
waterindices            12/65536          24/131072   ( 0.0%) 
cubemapsamples           0/1024            0/16384    ( 0.0%) 
overlays                 0/512             0/180224   ( 0.0%) 
LDR lightdata         [variable]      272816/0        ( 0.0%) 
HDR lightdata         [variable]           0/0        ( 0.0%) 
visdata               [variable]         148/16777216 ( 0.0%) 
entdata               [variable]       14967/393216   ( 3.8%) 
LDR ambient table      968/65536        3872/262144   ( 1.5%) 
HDR ambient table      968/65536        3872/262144   ( 1.5%) 
LDR leaf ambient      1061/65536       29708/1835008  ( 1.6%) 
HDR leaf ambient       968/65536       27104/1835008  ( 1.5%) 
occluders                0/0               0/0        ( 0.0%) 
occluder polygons        0/0               0/0        ( 0.0%) 
occluder vert ind        0/0               0/0        ( 0.0%) 
detail props          [variable]           1/12       ( 8.3%) 
static props          [variable]           1/2408     ( 0.0%) 
pakfile               [variable]      105647/0        ( 0.0%) 
physics               [variable]      298979/4194304  ( 7.1%) 
physics terrain       [variable]           0/1048576  ( 0.0%) 

Level flags = 0

Total triangle count: 2972
Writing c:\program files (x86)\steam\steamapps\sourcemods\physicalgame\maps\road.bsp
2 seconds elapsed



materialPath: C:\Program Files (x86)\Steam\steamapps\sourcemods\PhysicalGame\materials
Loading C:\Program Files (x86)\Steam\steamapps\sourcemods\PhysicalGame\maps\road.vmf
Could not locate 'GameData' key in c:\program files (x86)\steam\steamapps\sourcemods\physicalgame\gameinfo.txt
fixing up env_cubemap materials on brush sides...
0...1...2...3...4...5...6...7...8...9...100...1...2...3...4...5...6...7...8...9...10Processing areas...done (0)
Building Faces...done (0)
FixTjuncs...
PruneNodes...
WriteBSP...
done (0)
writing C:\Program Files (x86)\Steam\steamapps\sourcemods\PhysicalGame\maps\road.prt...Building visibility clusters...
done (0)
Creating default LDR cubemaps for env_cubemap using skybox materials:
   skybox/sky_day01_01*.vmt
 ! Run buildcubemaps in the engine to get the correct cube maps.
Creating default HDR cubemaps for env_cubemap using skybox materials:
   skybox/sky_day01_01*.vmt
 ! Run buildcubemaps in the engine to get the correct cube maps.
Finding displacement neighbors...
Finding lightmap sample positions...
Displacement Alpha : 0...1...2...3...4...5...6...7...8...9...10
Building Physics collision data...
WARNING: Map using power 4 displacements, terrain physics cannot be compressed, map will need additional memory and CPU.
done (0) (298979 bytes)
Placing detail props : 0...1...2...3...4...5...6...7...8...9...10
Compacting texture/material tables...
Reduced 40 texinfos to 33
Reduced 4 texdatas to 4 (73 bytes to 73)
Writing C:\Program Files (x86)\Steam\steamapps\sourcemods\PhysicalGame\maps\road.bsp
0 seconds elapsed



4 threads
reading c:\program files (x86)\steam\steamapps\sourcemods\physicalgame\maps\road.bsp
reading c:\program files (x86)\steam\steamapps\sourcemods\physicalgame\maps\road.prt
  12 portalclusters
  17 numportals
0...1...2...3...4...5...6...7...8...9...100...1...2...3...4...5...6...7...8...9...10Optimized: 0 visible clusters (0.00%)
Total clusters visible: 144
Average clusters visible: 12
Building PAS...
Average clusters audible: 12
visdatasize:148  compressed from 192
writing c:\program files (x86)\steam\steamapps\sourcemods\physicalgame\maps\road.bsp
0 seconds elapsed



[Reading texlights from 'lights.rad']
[48 texlights parsed from 'lights.rad']

Loading c:\program files (x86)\steam\steamapps\sourcemods\physicalgame\maps\road.bsp
925 faces
176851 square feet [25466632.00 square inches]
4 Displacements
63768 Square Feet [9182728.00 Square Inches]
925 patches before subdivision
5013 patches after subdivision
2 direct lights
0...1...2...3...4...5...6...7...8...9...100...1...2...3...4...5...6...7...8...9...10transfers 91492, max 187
transfer lists:   0.7 megs
0...1...2...3...4...5...6...7...8...9...10	Bounce #1 added RGB(5195, 6080, 1855)
0...1...2...3...4...5...6...7...8...9...10	Bounce #2 added RGB(0, 0, 0)
Build Patch/Sample Hash Table(s).....Done<0.0021 sec>
0...1...2...3...4...5...6...7...8...9...10FinalLightFace Done
0 of 0 (0% of) surface lights went in leaf ambient cubes.
0...1...2...3...4...5...6...7...8...9...10Writing leaf ambient...done
Ready to Finish

Object names       Objects/Maxobjs  Memory / Maxmem  Fullness 
------------       ---------------  ---------------  -------- 
models                  15/1024          720/49152    ( 1.5%) 
brushes                 20/8192          240/98304    ( 0.2%) 
brushsides            2011/65536       16088/524288   ( 3.1%) 
planes                3646/65536       72920/1310720  ( 5.6%) 
vertexes              1564/65536       18768/786432   ( 2.4%) 
nodes                  952/65536       30464/2097152  ( 1.5%) 
texinfos                33/12288        2376/884736   ( 0.3%) 
texdata                  4/2048          128/65536    ( 0.2%) 
dispinfos                4/0             704/0        ( 0.0%) 
disp_verts            1156/0           23120/0        ( 0.0%) 
disp_tris             2048/0            4096/0        ( 0.0%) 
disp_lmsamples      168332/0          168332/0        ( 0.0%) 
faces                  925/65536       51800/3670016  ( 1.4%) 
hdr faces                0/65536           0/3670016  ( 0.0%) 
origfaces              905/65536       50680/3670016  ( 1.4%) 
leaves                 968/65536       30976/2097152  ( 1.5%) 
leaffaces              922/65536        1844/131072   ( 1.4%) 
leafbrushes             53/65536         106/131072   ( 0.1%) 
areas                    2/256            16/2048     ( 0.8%) 
surfedges             9632/512000      38528/2048000  ( 1.9%) 
edges                 4863/256000      19452/1024000  ( 1.9%) 
LDR worldlights          2/8192          176/720896   ( 0.0%) 
HDR worldlights          0/8192            0/720896   ( 0.0%) 
leafwaterdata            0/32768           0/393216   ( 0.0%) 
waterstrips              1/32768          10/327680   ( 0.0%) 
waterverts               0/65536           0/786432   ( 0.0%) 
waterindices            12/65536          24/131072   ( 0.0%) 
cubemapsamples           0/1024            0/16384    ( 0.0%) 
overlays                 0/512             0/180224   ( 0.0%) 
LDR lightdata         [variable]      272816/0        ( 0.0%) 
HDR lightdata         [variable]           0/0        ( 0.0%) 
visdata               [variable]         148/16777216 ( 0.0%) 
entdata               [variable]       14967/393216   ( 3.8%) 
LDR ambient table      968/65536        3872/262144   ( 1.5%) 
HDR ambient table      968/65536        3872/262144   ( 1.5%) 
LDR leaf ambient      1061/65536       29708/1835008  ( 1.6%) 
HDR leaf ambient       968/65536       27104/1835008  ( 1.5%) 
occluders                0/0               0/0        ( 0.0%) 
occluder polygons        0/0               0/0        ( 0.0%) 
occluder vert ind        0/0               0/0        ( 0.0%) 
detail props          [variable]           1/12       ( 8.3%) 
static props          [variable]           1/2408     ( 0.0%) 
pakfile               [variable]      105647/0        ( 0.0%) 
physics               [variable]      298979/4194304  ( 7.1%) 
physics terrain       [variable]           0/1048576  ( 0.0%) 

Level flags = 0

Total triangle count: 2972
Writing c:\program files (x86)\steam\steamapps\sourcemods\physicalgame\maps\road.bsp
2 seconds elapsed



materialPath: C:\Program Files (x86)\Steam\steamapps\sourcemods\PhysicalGame\materials
Loading C:\Program Files (x86)\Steam\steamapps\sourcemods\PhysicalGame\maps\road.vmf
Could not locate 'GameData' key in c:\program files (x86)\steam\steamapps\sourcemods\physicalgame\gameinfo.txt
fixing up env_cubemap materials on brush sides...
0...1...2...3...4...5...6...7...8...9...100...1...2...3...4...5...6...7...8...9...10Processing areas...done (0)
Building Faces...done (0)
FixTjuncs...
PruneNodes...
WriteBSP...
done (0)
writing C:\Program Files (x86)\Steam\steamapps\sourcemods\PhysicalGame\maps\road.prt...Building visibility clusters...
done (0)
Creating default LDR cubemaps for env_cubemap using skybox materials:
   skybox/sky_day01_01*.vmt
 ! Run buildcubemaps in the engine to get the correct cube maps.
Creating default HDR cubemaps for env_cubemap using skybox materials:
   skybox/sky_day01_01*.vmt
 ! Run buildcubemaps in the engine to get the correct cube maps.
Finding displacement neighbors...
Finding lightmap sample positions...
Displacement Alpha : 0...1...2...3...4...5...6...7...8...9...10
Building Physics collision data...
WARNING: Map using power 4 displacements, terrain physics cannot be compressed, map will need additional memory and CPU.
done (0) (290259 bytes)
Placing detail props : 0...1...2...3...4...5...6...7...8...9...10
Compacting texture/material tables...
Reduced 52 texinfos to 45
Reduced 4 texdatas to 4 (73 bytes to 73)
Writing C:\Program Files (x86)\Steam\steamapps\sourcemods\PhysicalGame\maps\road.bsp
0 seconds elapsed



4 threads
reading c:\program files (x86)\steam\steamapps\sourcemods\physicalgame\maps\road.bsp
reading c:\program files (x86)\steam\steamapps\sourcemods\physicalgame\maps\road.prt
  12 portalclusters
  17 numportals
0...1...2...3...4...5...6...7...8...9...100...1...2...3...4...5...6...7...8...9...10Optimized: 0 visible clusters (0.00%)
Total clusters visible: 144
Average clusters visible: 12
Building PAS...
Average clusters audible: 12
visdatasize:148  compressed from 192
writing c:\program files (x86)\steam\steamapps\sourcemods\physicalgame\maps\road.bsp
0 seconds elapsed



[Reading texlights from 'lights.rad']
[48 texlights parsed from 'lights.rad']

Loading c:\program files (x86)\steam\steamapps\sourcemods\physicalgame\maps\road.bsp
883 faces
176144 square feet [25364750.00 square inches]
4 Displacements
63768 Square Feet [9182728.00 Square Inches]
883 patches before subdivision
4971 patches after subdivision
2 direct lights
0...1...2...3...4...5...6...7...8...9...100...1...2...3...4...5...6...7...8...9...10transfers 89647, max 184
transfer lists:   0.7 megs
0...1...2...3...4...5...6...7...8...9...10	Bounce #1 added RGB(4960, 5805, 1771)
0...1...2...3...4...5...6...7...8...9...10	Bounce #2 added RGB(0, 0, 0)
Build Patch/Sample Hash Table(s).....Done<0.0021 sec>
0...1...2...3...4...5...6...7...8...9...10FinalLightFace Done
0 of 0 (0% of) surface lights went in leaf ambient cubes.
0...1...2...3...4...5...6...7...8...9...10Writing leaf ambient...done
Ready to Finish

Object names       Objects/Maxobjs  Memory / Maxmem  Fullness 
------------       ---------------  ---------------  -------- 
models                  15/1024          720/49152    ( 1.5%) 
brushes                 20/8192          240/98304    ( 0.2%) 
brushsides            2095/65536       16760/524288   ( 3.2%) 
planes                8172/65536      163440/1310720  (12.5%) 
vertexes              1594/65536       19128/786432   ( 2.4%) 
nodes                  910/65536       29120/2097152  ( 1.4%) 
texinfos                45/12288        3240/884736   ( 0.4%) 
texdata                  4/2048          128/65536    ( 0.2%) 
dispinfos                4/0             704/0        ( 0.0%) 
disp_verts            1156/0           23120/0        ( 0.0%) 
disp_tris             2048/0            4096/0        ( 0.0%) 
disp_lmsamples      168332/0          168332/0        ( 0.0%) 
faces                  883/65536       49448/3670016  ( 1.3%) 
hdr faces                0/65536           0/3670016  ( 0.0%) 
origfaces              863/65536       48328/3670016  ( 1.3%) 
leaves                 926/65536       29632/2097152  ( 1.4%) 
leaffaces              880/65536        1760/131072   ( 1.3%) 
leafbrushes             53/65536         106/131072   ( 0.1%) 
areas                    2/256            16/2048     ( 0.8%) 
surfedges             9499/512000      37996/2048000  ( 1.9%) 
edges                 4920/256000      19680/1024000  ( 1.9%) 
LDR worldlights          2/8192          176/720896   ( 0.0%) 
HDR worldlights          0/8192            0/720896   ( 0.0%) 
leafwaterdata            0/32768           0/393216   ( 0.0%) 
waterstrips              1/32768          10/327680   ( 0.0%) 
waterverts               0/65536           0/786432   ( 0.0%) 
waterindices            12/65536          24/131072   ( 0.0%) 
cubemapsamples           0/1024            0/16384    ( 0.0%) 
overlays                 0/512             0/180224   ( 0.0%) 
LDR lightdata         [variable]      239544/0        ( 0.0%) 
HDR lightdata         [variable]           0/0        ( 0.0%) 
visdata               [variable]         148/16777216 ( 0.0%) 
entdata               [variable]       15028/393216   ( 3.8%) 
LDR ambient table      926/65536        3704/262144   ( 1.4%) 
HDR ambient table      926/65536        3704/262144   ( 1.4%) 
LDR leaf ambient      1019/65536       28532/1835008  ( 1.6%) 
HDR leaf ambient       926/65536       25928/1835008  ( 1.4%) 
occluders                0/0               0/0        ( 0.0%) 
occluder polygons        0/0               0/0        ( 0.0%) 
occluder vert ind        0/0               0/0        ( 0.0%) 
detail props          [variable]           1/12       ( 8.3%) 
static props          [variable]           1/2408     ( 0.0%) 
pakfile               [variable]      105647/0        ( 0.0%) 
physics               [variable]      290259/4194304  ( 6.9%) 
physics terrain       [variable]           0/1048576  ( 0.0%) 

Level flags = 0

Total triangle count: 3121
Writing c:\program files (x86)\steam\steamapps\sourcemods\physicalgame\maps\road.bsp
2 seconds elapsed



materialPath: C:\Program Files (x86)\Steam\steamapps\sourcemods\PhysicalGame\materials
Loading C:\Program Files (x86)\Steam\steamapps\sourcemods\PhysicalGame\maps\road.vmf
Could not locate 'GameData' key in c:\program files (x86)\steam\steamapps\sourcemods\physicalgame\gameinfo.txt
fixing up env_cubemap materials on brush sides...
0...1...2...3...4...5...6...7...8...9...100...1...2...3...4...5...6...7...8...9...10Processing areas...done (0)
Building Faces...done (0)
FixTjuncs...
PruneNodes...
WriteBSP...
done (0)
writing C:\Program Files (x86)\Steam\steamapps\sourcemods\PhysicalGame\maps\road.prt...Building visibility clusters...
done (0)
Creating default LDR cubemaps for env_cubemap using skybox materials:
   skybox/sky_day01_01*.vmt
 ! Run buildcubemaps in the engine to get the correct cube maps.
Creating default HDR cubemaps for env_cubemap using skybox materials:
   skybox/sky_day01_01*.vmt
 ! Run buildcubemaps in the engine to get the correct cube maps.
Finding displacement neighbors...
Finding lightmap sample positions...
Displacement Alpha : 0...1...2...3...4...5...6...7...8...9...10
Building Physics collision data...
WARNING: Map using power 4 displacements, terrain physics cannot be compressed, map will need additional memory and CPU.
done (0) (290259 bytes)
Placing detail props : 0...1...2...3...4...5...6...7...8...9...10
Compacting texture/material tables...
Reduced 91 texinfos to 45
Reduced 4 texdatas to 4 (73 bytes to 73)
Writing C:\Program Files (x86)\Steam\steamapps\sourcemods\PhysicalGame\maps\road.bsp
0 seconds elapsed



4 threads
reading c:\program files (x86)\steam\steamapps\sourcemods\physicalgame\maps\road.bsp
reading c:\program files (x86)\steam\steamapps\sourcemods\physicalgame\maps\road.prt
  12 portalclusters
  17 numportals
0...1...2...3...4...5...6...7...8...9...100...1...2...3...4...5...6...7...8...9...10Optimized: 0 visible clusters (0.00%)
Total clusters visible: 144
Average clusters visible: 12
Building PAS...
Average clusters audible: 12
visdatasize:148  compressed from 192
writing c:\program files (x86)\steam\steamapps\sourcemods\physicalgame\maps\road.bsp
0 seconds elapsed



[Reading texlights from 'lights.rad']
[48 texlights parsed from 'lights.rad']

Loading c:\program files (x86)\steam\steamapps\sourcemods\physicalgame\maps\road.bsp
883 faces
176144 square feet [25364750.00 square inches]
4 Displacements
63768 Square Feet [9182728.00 Square Inches]
883 patches before subdivision
4971 patches after subdivision
2 direct lights
0...1...2...3...4...5...6...7...8...9...100...1...2...3...4...5...6...7...8...9...10transfers 89647, max 184
transfer lists:   0.7 megs
0...1...2...3...4...5...6...7...8...9...10	Bounce #1 added RGB(4960, 5805, 1771)
0...1...2...3...4...5...6...7...8...9...10	Bounce #2 added RGB(0, 0, 0)
Build Patch/Sample Hash Table(s).....Done<0.0021 sec>
0...1...2...3...4...5...6...7...8...9...10FinalLightFace Done
0 of 0 (0% of) surface lights went in leaf ambient cubes.
0...1...2...3...4...5...6...7...8...9...10Writing leaf ambient...done
Ready to Finish

Object names       Objects/Maxobjs  Memory / Maxmem  Fullness 
------------       ---------------  ---------------  -------- 
models                  15/1024          720/49152    ( 1.5%) 
brushes                 20/8192          240/98304    ( 0.2%) 
brushsides            2095/65536       16760/524288   ( 3.2%) 
planes                8172/65536      163440/1310720  (12.5%) 
vertexes              1594/65536       19128/786432   ( 2.4%) 
nodes                  910/65536       29120/2097152  ( 1.4%) 
texinfos                45/12288        3240/884736   ( 0.4%) 
texdata                  4/2048          128/65536    ( 0.2%) 
dispinfos                4/0             704/0        ( 0.0%) 
disp_verts            1156/0           23120/0        ( 0.0%) 
disp_tris             2048/0            4096/0        ( 0.0%) 
disp_lmsamples      168332/0          168332/0        ( 0.0%) 
faces                  883/65536       49448/3670016  ( 1.3%) 
hdr faces                0/65536           0/3670016  ( 0.0%) 
origfaces              863/65536       48328/3670016  ( 1.3%) 
leaves                 926/65536       29632/2097152  ( 1.4%) 
leaffaces              880/65536        1760/131072   ( 1.3%) 
leafbrushes             53/65536         106/131072   ( 0.1%) 
areas                    2/256            16/2048     ( 0.8%) 
surfedges             9499/512000      37996/2048000  ( 1.9%) 
edges                 4920/256000      19680/1024000  ( 1.9%) 
LDR worldlights          2/8192          176/720896   ( 0.0%) 
HDR worldlights          0/8192            0/720896   ( 0.0%) 
leafwaterdata            0/32768           0/393216   ( 0.0%) 
waterstrips              1/32768          10/327680   ( 0.0%) 
waterverts               0/65536           0/786432   ( 0.0%) 
waterindices            12/65536          24/131072   ( 0.0%) 
cubemapsamples           0/1024            0/16384    ( 0.0%) 
overlays                 0/512             0/180224   ( 0.0%) 
LDR lightdata         [variable]      239544/0        ( 0.0%) 
HDR lightdata         [variable]           0/0        ( 0.0%) 
visdata               [variable]         148/16777216 ( 0.0%) 
entdata               [variable]       15028/393216   ( 3.8%) 
LDR ambient table      926/65536        3704/262144   ( 1.4%) 
HDR ambient table      926/65536        3704/262144   ( 1.4%) 
LDR leaf ambient      1019/65536       28532/1835008  ( 1.6%) 
HDR leaf ambient       926/65536       25928/1835008  ( 1.4%) 
occluders                0/0               0/0        ( 0.0%) 
occluder polygons        0/0               0/0        ( 0.0%) 
occluder vert ind        0/0               0/0        ( 0.0%) 
detail props          [variable]           1/12       ( 8.3%) 
static props          [variable]           1/2408     ( 0.0%) 
pakfile               [variable]      105647/0        ( 0.0%) 
physics               [variable]      290259/4194304  ( 6.9%) 
physics terrain       [variable]           0/1048576  ( 0.0%) 

Level flags = 0

Total triangle count: 3121
Writing c:\program files (x86)\steam\steamapps\sourcemods\physicalgame\maps\road.bsp
2 seconds elapsed



materialPath: C:\Program Files (x86)\Steam\steamapps\sourcemods\PhysicalGame\materials
Loading C:\Program Files (x86)\Steam\steamapps\sourcemods\PhysicalGame\maps\road.vmf
Could not locate 'GameData' key in c:\program files (x86)\steam\steamapps\sourcemods\physicalgame\gameinfo.txt
fixing up env_cubemap materials on brush sides...
0...1...2...3...4...5...6...7...8...9...100...1...2...3...4...5...6...7...8...9...10Processing areas...done (0)
Building Faces...done (0)
FixTjuncs...
PruneNodes...
WriteBSP...
done (0)
writing C:\Program Files (x86)\Steam\steamapps\sourcemods\PhysicalGame\maps\road.prt...Building visibility clusters...
done (0)
Creating default LDR cubemaps for env_cubemap using skybox materials:
   skybox/sky_day01_01*.vmt
 ! Run buildcubemaps in the engine to get the correct cube maps.
Creating default HDR cubemaps for env_cubemap using skybox materials:
   skybox/sky_day01_01*.vmt
 ! Run buildcubemaps in the engine to get the correct cube maps.
Finding displacement neighbors...
Finding lightmap sample positions...
Displacement Alpha : 0...1...2...3...4...5...6...7...8...9...10
Building Physics collision data...
WARNING: Map using power 4 displacements, terrain physics cannot be compressed, map will need additional memory and CPU.
done (0) (290259 bytes)
Placing detail props : 0...1...2...3...4...5...6...7...8...9...10
Compacting texture/material tables...
Reduced 91 texinfos to 45
Reduced 4 texdatas to 4 (73 bytes to 73)
Writing C:\Program Files (x86)\Steam\steamapps\sourcemods\PhysicalGame\maps\road.bsp
0 seconds elapsed



4 threads
reading c:\program files (x86)\steam\steamapps\sourcemods\physicalgame\maps\road.bsp
reading c:\program files (x86)\steam\steamapps\sourcemods\physicalgame\maps\road.prt
  12 portalclusters
  17 numportals
0...1...2...3...4...5...6...7...8...9...100...1...2...3...4...5...6...7...8...9...10Optimized: 0 visible clusters (0.00%)
Total clusters visible: 144
Average clusters visible: 12
Building PAS...
Average clusters audible: 12
visdatasize:148  compressed from 192
writing c:\program files (x86)\steam\steamapps\sourcemods\physicalgame\maps\road.bsp
0 seconds elapsed



[Reading texlights from 'lights.rad']
[48 texlights parsed from 'lights.rad']

Loading c:\program files (x86)\steam\steamapps\sourcemods\physicalgame\maps\road.bsp
883 faces
176144 square feet [25364750.00 square inches]
4 Displacements
63768 Square Feet [9182728.00 Square Inches]
883 patches before subdivision
4971 patches after subdivision
2 direct lights
0...1...2...3...4...5...6...7...8...9...100...1...2...3...4...5...6...7...8...9...10transfers 89647, max 184
transfer lists:   0.7 megs
0...1...2...3...4...5...6...7...8...9...10	Bounce #1 added RGB(4960, 5805, 1771)
0...1...2...3...4...5...6...7...8...9...10	Bounce #2 added RGB(0, 0, 0)
Build Patch/Sample Hash Table(s).....Done<0.0023 sec>
0...1...2...3...4...5...6...7...8...9...10FinalLightFace Done
0 of 0 (0% of) surface lights went in leaf ambient cubes.
0...1...2...3...4...5...6...7...8...9...10Writing leaf ambient...done
Ready to Finish

Object names       Objects/Maxobjs  Memory / Maxmem  Fullness 
------------       ---------------  ---------------  -------- 
models                  15/1024          720/49152    ( 1.5%) 
brushes                 20/8192          240/98304    ( 0.2%) 
brushsides            2095/65536       16760/524288   ( 3.2%) 
planes                8172/65536      163440/1310720  (12.5%) 
vertexes              1594/65536       19128/786432   ( 2.4%) 
nodes                  910/65536       29120/2097152  ( 1.4%) 
texinfos                45/12288        3240/884736   ( 0.4%) 
texdata                  4/2048          128/65536    ( 0.2%) 
dispinfos                4/0             704/0        ( 0.0%) 
disp_verts            1156/0           23120/0        ( 0.0%) 
disp_tris             2048/0            4096/0        ( 0.0%) 
disp_lmsamples      168332/0          168332/0        ( 0.0%) 
faces                  883/65536       49448/3670016  ( 1.3%) 
hdr faces                0/65536           0/3670016  ( 0.0%) 
origfaces              863/65536       48328/3670016  ( 1.3%) 
leaves                 926/65536       29632/2097152  ( 1.4%) 
leaffaces              880/65536        1760/131072   ( 1.3%) 
leafbrushes             53/65536         106/131072   ( 0.1%) 
areas                    2/256            16/2048     ( 0.8%) 
surfedges             9499/512000      37996/2048000  ( 1.9%) 
edges                 4920/256000      19680/1024000  ( 1.9%) 
LDR worldlights          2/8192          176/720896   ( 0.0%) 
HDR worldlights          0/8192            0/720896   ( 0.0%) 
leafwaterdata            0/32768           0/393216   ( 0.0%) 
waterstrips              1/32768          10/327680   ( 0.0%) 
waterverts               0/65536           0/786432   ( 0.0%) 
waterindices            12/65536          24/131072   ( 0.0%) 
cubemapsamples           0/1024            0/16384    ( 0.0%) 
overlays                 0/512             0/180224   ( 0.0%) 
LDR lightdata         [variable]      239544/0        ( 0.0%) 
HDR lightdata         [variable]           0/0        ( 0.0%) 
visdata               [variable]         148/16777216 ( 0.0%) 
entdata               [variable]       15205/393216   ( 3.9%) 
LDR ambient table      926/65536        3704/262144   ( 1.4%) 
HDR ambient table      926/65536        3704/262144   ( 1.4%) 
LDR leaf ambient      1019/65536       28532/1835008  ( 1.6%) 
HDR leaf ambient       926/65536       25928/1835008  ( 1.4%) 
occluders                0/0               0/0        ( 0.0%) 
occluder polygons        0/0               0/0        ( 0.0%) 
occluder vert ind        0/0               0/0        ( 0.0%) 
detail props          [variable]           1/12       ( 8.3%) 
static props          [variable]           1/2408     ( 0.0%) 
pakfile               [variable]      105647/0        ( 0.0%) 
physics               [variable]      290259/4194304  ( 6.9%) 
physics terrain       [variable]           0/1048576  ( 0.0%) 

Level flags = 0

Total triangle count: 3121
Writing c:\program files (x86)\steam\steamapps\sourcemods\physicalgame\maps\road.bsp
2 seconds elapsed
