PRT1
12
17
4 0 3 (0 1024 0 ) (0 1024 1312 ) (0 1536 1312 ) (0 1536 0 ) 
4 0 1 (0 1024 1312 ) (0 1024 0 ) (1024 1024 0 ) (1024 1024 1312 ) 
4 1 5 (0 0 0 ) (0 0 1312 ) (0 1024 1312 ) (0 1024 0 ) 
4 1 2 (1024 0 0 ) (1024 0 1312 ) (0 0 1312 ) (0 0 0 ) 
4 2 9 (0 -1024 0 ) (0 -1024 1312 ) (0 0 1312 ) (0 0 0 ) 
4 3 5 (0 1024 0 ) (0 1024 1312 ) (-1024 1024 1312 ) (-1024 1024 0 ) 
4 3 4 (-1024 1024 0 ) (-1024 1024 1312 ) (-1024 1536 1312 ) (-1024 1536 0 ) 
4 4 7 (-2048 1024 0 ) (-2048 1024 1312 ) (-2048 1536 1312 ) (-2048 1536 0 ) 
4 4 6 (-2048 1024 1312 ) (-2048 1024 0 ) (-1024 1024 0 ) (-1024 1024 1312 ) 
4 5 9 (0 0 0 ) (0 0 1312 ) (-1024 0 1312 ) (-1024 0 0 ) 
4 5 6 (-1024 1024 1312 ) (-1024 1024 0 ) (-1024 0 0 ) (-1024 0 1312 ) 
4 6 10 (-1024 0 0 ) (-1024 0 1312 ) (-2048 0 1312 ) (-2048 0 0 ) 
4 6 8 (-2048 0 0 ) (-2048 0 1312 ) (-2048 1024 1312 ) (-2048 1024 0 ) 
4 7 8 (-2048 1024 0 ) (-2048 1024 1312 ) (-2560 1024 1312 ) (-2560 1024 0 ) 
4 8 11 (-2048 0 0 ) (-2048 0 1312 ) (-2560 0 1312 ) (-2560 0 0 ) 
4 9 10 (-1024 0 1312 ) (-1024 0 0 ) (-1024 -1024 0 ) (-1024 -1024 1312 ) 
4 10 11 (-2048 0 1312 ) (-2048 0 0 ) (-2048 -1024 0 ) (-2048 -1024 1312 ) 
